<?xml version="1.0" encoding="UTF-8"?>
<testsuite xmlns:xsi="http://www.w3.org/2001/XMLSchema-instance" xsi:noNamespaceSchemaLocation="https://maven.apache.org/surefire/maven-surefire-plugin/xsd/surefire-test-report-3.0.xsd" version="3.0" name="com.rubenflinterman.api.ApiApplicationTests" time="9.417" tests="3" errors="0" skipped="0" failures="0">
  <properties>
[...]
</properties>
  <testcase name="rootWhenUnauthenticatedThen401" classname="com.rubenflinterman.api.ApiApplicationTests" time="2.501">
    <system-out><![CDATA[13:39:44.733 [main] INFO org.springframework.test.context.support.AnnotationConfigContextLoaderUtils -- Could not detect default configuration classes for test class [com.rubenflinterman.api.ApiApplicationTests]: ApiApplicationTests does not declare any static, non-private, non-final, nested classes annotated with @Configuration.
13:39:45.210 [main] INFO org.springframework.boot.test.context.SpringBootTestContextBootstrapper -- Found @SpringBootConfiguration com.rubenflinterman.api.ApiApplication for test class com.rubenflinterman.api.ApiApplicationTests

  .   ____          _            __ _ _
 /\\ / ___'_ __ _ _(_)_ __  __ _ \ \ \ \
( ( )\___ | '_ | '_| | '_ \/ _` | \ \ \ \
 \\/  ___)| |_)| | | | | || (_| |  ) ) ) )
  '  |____| .__|_| |_|_| |_\__, | / / / /
 =========|_|==============|___/=/_/_/_/

 :: Spring Boot ::                (v3.3.4)

2024-10-04T13:39:46.544+02:00  INFO 2444 --- [api] [           main] c.r.api.ApiApplicationTests              : Starting ApiApplicationTests using Java 21.0.4 with PID 2444 (started by ruben in /mnt/c/Users/rwfli/Documents/2. Ruben Flinterman/rubenflinterman.com/api)
2024-10-04T13:39:46.546+02:00  INFO 2444 --- [api] [           main] c.r.api.ApiApplicationTests              : No active profile set, falling back to 1 default profile: "default"
2024-10-04T13:39:48.909+02:00  INFO 2444 --- [api] [           main] r$InitializeUserDetailsManagerConfigurer : Global AuthenticationManager configured with UserDetailsService bean with name users
2024-10-04T13:39:50.365+02:00  INFO 2444 --- [api] [           main] o.s.b.t.m.w.SpringBootMockServletContext : Initializing Spring TestDispatcherServlet ''
2024-10-04T13:39:50.366+02:00  INFO 2444 --- [api] [           main] o.s.t.web.servlet.TestDispatcherServlet  : Initializing Servlet ''
2024-10-04T13:39:50.368+02:00  INFO 2444 --- [api] [           main] o.s.t.web.servlet.TestDispatcherServlet  : Completed initialization in 2 ms
2024-10-04T13:39:50.404+02:00  INFO 2444 --- [api] [           main] c.r.api.ApiApplicationTests              : Started ApiApplicationTests in 4.928 seconds (process running for 7.283)
]]></system-out>
    <system-err><![CDATA[WARNING: A Java agent has been loaded dynamically (/home/ruben/.m2/repository/net/bytebuddy/byte-buddy-agent/1.14.19/byte-buddy-agent-1.14.19.jar)
WARNING: If a serviceability tool is in use, please run with -XX:+EnableDynamicAgentLoading to hide this warning
WARNING: If a serviceability tool is not in use, please run with -Djdk.instrument.traceUsage for more information
WARNING: Dynamic loading of agents will be disallowed by default in a future release
]]></system-err>
  </testcase>
  <testcase name="rootWithMockUserStatusIsOK" classname="com.rubenflinterman.api.ApiApplicationTests" time="0.125"/>
  <testcase name="rootWhenAuthenticatedThenSaysHelloUser" classname="com.rubenflinterman.api.ApiApplicationTests" time="0.579"/>
</testsuite>